root | ERROR | pasta_with_pesto | https://www.cookingclassy.com/wp-content/uploads/2022/02/pesto-pasta-1.jpg | HTTP Error 403: Forbidden
root | ERROR | pasta_with_pesto | https://carlsbadcravings.com/wp-content/uploads/2022/07/pesto-pasta-10a.jpg | HTTP Error 403: Forbidden
root | ERROR | pasta_with_pesto | https://therecipecritic.com/wp-content/uploads/2023/02/chickenpestopasta-1.jpg | HTTP Error 403: Forbidden
root | ERROR | pasta_with_pesto | https://www.dinneratthezoo.com/wp-content/uploads/2018/03/chicken-pesto-pasta-14-1.jpg | HTTP Error 403: Forbidden
root | ERROR | pasta_with_pesto | https://www.acouplecooks.com/wp-content/uploads/2020/08/Shrimp-Pesto-Pasta-004.jpg | HTTP Error 403: Forbidden
root | ERROR | pasta_with_pesto | https://richanddelish.com/wp-content/uploads/2023/02/creamy-pesto-pasta-1.jpg | HTTP Error 403: Forbidden
root | ERROR | pasta_with_pesto | https://www.sipandfeast.com/wp-content/uploads/2022/05/chicken-pesto-pasta-salad-recipe-snippet.jpg | HTTP Error 403: Forbidden
root | ERROR | pasta_with_pesto | https://richanddelish.com/wp-content/uploads/2023/02/creamy-pesto-pasta-1.jpg | HTTP Error 403: Forbidden
root | ERROR | pasta_with_pesto | https://kristineskitchenblog.com/wp-content/uploads/2022/06/pesto-pasta-recipe-15.jpg | HTTP Error 403: Forbidden
root | ERROR | pasta_with_pesto | https://kitchenswagger.com/wp-content/uploads/2022/12/pesto-shrimp-pasta-1.jpg | HTTP Error 403: Forbidden
root | ERROR | pasta_with_pesto | https://cookingwithelo.com/wp-content/uploads/2022/06/Pasta-al-pesto.jpg | HTTP Error 403: Forbidden
root | ERROR | pasta_with_tomato_sauce | https://www.endofthefork.com/wp-content/uploads/2021/06/1200x1200-pasta-and-sauce.jpg | HTTP Error 403: Forbidden
root | ERROR | pasta_with_tomato_sauce | https://hungryhealthyhappy.com/wp-content/uploads/2020/01/Easy-Tomato-Pasta-Sauce-featured-b.jpg | HTTP Error 403: Forbidden
root | ERROR | pasta_with_tomato_sauce | https://www.budgetbytes.com/wp-content/uploads/2016/07/Pasta-with-Butter-Tomato-Sauce-and-Toasted-Bread-Crumbs-V2.jpg | HTTP Error 403: Forbidden
root | ERROR | pasta_with_tomato_sauce | https://www.servingdumplings.com/wp-content/uploads/2022/06/garlic-butter-tomato-spaghetti-3-38e77ff8.jpg | HTTP Error 403: Forbidden
root | ERROR | pasta_with_tomato_sauce | https://thewoksoflife.com/wp-content/uploads/2020/03/tuna-tomato-pasta-12.jpg | HTTP Error 403: Forbidden
root | ERROR | pasta_with_tomato_sauce | https://www.saltandlavender.com/wp-content/uploads/2020/10/creamy-tomato-pasta-1.jpg | HTTP Error 403: Forbidden
root | ERROR | pasta_with_tomato_sauce | https://www.sprinklesandsprouts.com/wp-content/uploads/2019/10/Classic-Red-Sauce-Pasta-SQ.jpg | HTTP Error 403: Forbidden
root | ERROR | pasta_with_tomato_sauce | https://theclevermeal.com/wp-content/uploads/2022/10/tomato-pasta-sauce-with-cream-cheese_2.jpg | HTTP Error 403: Forbidden
root | ERROR | pasta_with_tomato_sauce | https://www.theclevercarrot.com/wp-content/uploads/2022/01/Spaghetti-wTomato-Sauce-1.jpg | HTTP Error 403: Forbidden
root | ERROR | pasta_with_meat_sauce | https://www.aspicyperspective.com/wp-content/uploads/2020/08/spaghetti-meat-sauce-recipe-24.jpg | HTTP Error 403: Forbidden
root | ERROR | pasta_with_meat_sauce | https://i0.wp.com/media.blueapron.com/recipes/2527/square_newsletter_images/1506122712-1-0002-4623/1002_2PRE08_Beef-Bolognese_89134_WEB_SQ.jpg?w=620&ssl=1 | HTTP Error 404: Not Found
root | ERROR | pasta_with_meat_sauce | https://momsdinner.net/wp-content/uploads/2020/10/spaghetti-with-meat-sauce-1.jpg | HTTP Error 403: Forbidden
root | ERROR | pasta_with_meat_sauce | https://natashaskitchen.com/wp-content/uploads/2019/03/Spaghetti-and-Meat-Sauce-3.jpg | HTTP Error 403: Forbidden
root | ERROR | pasta_with_meat_sauce | https://www.saltandlavender.com/wp-content/uploads/2022/04/meat-sauce-for-spaghetti-1.jpg | HTTP Error 403: Forbidden
root | ERROR | pasta_with_meat_sauce | https://mytherapistcooks.com/wp-content/uploads/2020/12/IMG_5198.jpg | HTTP Error 403: Forbidden
root | ERROR | pasta_with_meat_sauce | https://simplejoy.com/wp-content/uploads/2019/09/meat_sauce__.jpg | HTTP Error 403: Forbidden
root | ERROR | pasta_with_meat_sauce | https://homecookbasics.com/wp-content/uploads/2020/07/IMG_3452.jpg | HTTP Error 403: Forbidden
root | ERROR | pasta_with_meat_sauce | https://healthyfitnessmeals.com/wp-content/uploads/2020/03/How-to-make-homemade-meat-sauce-9.jpg | HTTP Error 403: Forbidden
root | ERROR | pasta_with_meat_sauce | https://tastesbetterfromscratch.com/wp-content/uploads/2015/09/Homemade-Spaghetti-Sauce-6.jpg | HTTP Error 403: Forbidden
root | ERROR | pasta_with_meat_sauce | https://www.mygourmetconnection.com/wp-content/uploads/pasta-meat-sauce.jpg | HTTP Error 403: Forbidden
root | ERROR | pasta_with_meat_sauce | https://www.olivetomato.com/wp-content/uploads/2022/06/Greek-Spaghetti-with-Ground-Beef-Sauce-recipe-%E2%80%93-Makaronia-me-Kima-2.jpeg | HTTP Error 403: Forbidden
root | ERROR | pasta_with_clams_and_mussels | https://www.halfbakedharvest.com/wp-content/uploads/2016/08/Basil-Coconut-Curry-Pasta-with-Clams-Mussels-and-Corn-1.jpg | HTTP Error 403: Forbidden
root | ERROR | pasta_with_clams_and_mussels | https://i0.wp.com/www.onceuponachef.com/images/2019/03/linguine-with-clams.jpg?resize=760%2C669&ssl=1 | HTTP Error 404: Not Found
root | ERROR | pasta_with_clams_and_mussels | https://thewoodenskillet.com/wp-content/uploads/2016/02/Fettuccine-with-Clams-Mussels-and-Bay-Scallops-2.jpg | HTTP Error 403: Forbidden
root | ERROR | pasta_with_clams_and_mussels | https://www.forkintheroad.co/wp-content/uploads/2018/01/bucatini-wiith-vongole-3.jpg | HTTP Error 403: Forbidden
root | ERROR | pasta_with_clams_and_mussels | https://leitesculinaria.com/wp-content/uploads/2021/03/linguine-mixed-seafood.jpg | HTTP Error 403: Forbidden
root | ERROR | pasta_with_clams_and_mussels | https://baconfatte.com/wp-content/uploads/2017/10/Linguine-con-le-Vongole-%E2%80%93-Linguine-with-Clams-recipe-from-BaconFatte.com-_2059_resize-940x627.jpg | HTTP Error 403: Forbidden
root | ERROR | pilaw_rice_with_peppers_and_peas | https://veganheaven.org/wp-content/uploads/2017/09/One-Pot-Vegetable-Rice-with-Bell-Pepper-and-Peas-3.jpg | HTTP Error 403: Forbidden
root | ERROR | pilaw_rice_with_peppers_and_peas | https://www.countrysidecravings.com/wp-content/uploads/2018/06/rice-pilaf-recipe.jpg | HTTP Error 403: Forbidden
root | ERROR | pilaw_rice_with_peppers_and_peas | https://swirlsofflavor.com/wp-content/uploads/2014/02/Saffron-Rice-2.jpg | HTTP Error 403: Forbidden
root | ERROR | pilaw_rice_with_peppers_and_peas | https://www.spendwithpennies.com/wp-content/uploads/2019/02/Rice-Pilaf-SpendWithPennies-4.jpg | HTTP Error 403: Forbidden
root | ERROR | pilaw_rice_with_peppers_and_peas | https://www.themediterraneandish.com/wp-content/uploads/2021/11/rice-pilaf-6.jpg | HTTP Error 403: Forbidden
root | ERROR | pilaw_rice_with_peppers_and_peas | https://www.dinner-mom.com/wp-content/uploads/2014/03/Vegetable-Rice-Bowls-with-Parmesan-Cheese-IMG_1163.jpg | HTTP Error 403: Forbidden
root | ERROR | pilaw_rice_with_peppers_and_peas | https://www.slimmingeats.com/blog/wp-content/uploads/2020/05/chicken-pea-vegetable-pilaf-rice-2.jpg | HTTP Error 403: Forbidden
root | ERROR | pilaw_rice_with_peppers_and_peas | https://www.themediterraneandish.com/wp-content/uploads/2021/11/rice-pilaf-7.jpg | HTTP Error 403: Forbidden
root | ERROR | pilaw_rice_with_peppers_and_peas | https://www.easypeasyfoodie.com/wp-content/uploads/2023/01/Vegetable-Pilau-Rice-Hero-2.jpg | HTTP Error 403: Forbidden
root | ERROR | pilaw_rice_with_peppers_and_peas | https://tastesbetterfromscratch.com/wp-content/uploads/2022/10/Rice-Pilaf-1.jpg | HTTP Error 403: Forbidden
root | ERROR | grilled_pork_cutlet | https://blackberrybabe.com/wp-content/uploads/2020/07/IMG_0542.jpg | HTTP Error 403: Forbidden
root | ERROR | grilled_pork_cutlet | https://fitfoodiefinds.com/wp-content/uploads/2021/07/grilled-pork-chops-7sq.jpg | HTTP Error 403: Forbidden
root | ERROR | fish_cutlet | https://i2.wp.com/www.happyandharried.com/wp-content/uploads/2017/04/FISH-CUTLETS-INDIAN-SPICED-FISH-CROQUETTES-HAPPYHARRIED.jpg | HTTP Error 404: Not Found
root | ERROR | fish_cutlet | https://www.cooksafari.co.in/wp-content/uploads/2015/03/fish-cutlet-e1425884486545.jpg | HTTP Error 403: Forbidden
root | ERROR | fish_cutlet | https://www.kannammacooks.com/wp-content/uploads/fish-cutlet-recipe-appetiser.jpg | HTTP Error 403: Forbidden
root | ERROR | rabbit | https://www.rd.com/wp-content/uploads/2021/04/GettyImages-476744133-scaled.jpg | HTTP Error 403: Forbidden
root | ERROR | rabbit | https://iheartcraftythings.com/wp-content/uploads/2021/06/Rabbit-8.jpg | HTTP Error 403: Forbidden
root | ERROR | seafood_salad | https://www.dinneratthezoo.com/wp-content/uploads/2018/12/seafood-salad-4.jpg | HTTP Error 403: Forbidden
root | ERROR | seafood_salad | https://www.myforkinglife.com/wp-content/uploads/2016/06/seafood-salad-recipe_2204.jpg | HTTP Error 403: Forbidden
root | ERROR | seafood_salad | https://zonacooks.com/wp-content/uploads/2021/06/Cold-Seafood-Salad-Recipe-for-Two-4.jpg | HTTP Error 403: Forbidden
root | ERROR | seafood_salad | https://40aprons.com/wp-content/uploads/2021/03/DSC_0940.jpg | HTTP Error 403: Forbidden
root | ERROR | seafood_salad | https://atastykitchen.com/wp-content/uploads/2022/04/Thai-seafood-salad-1.jpg | HTTP Error 403: Forbidden
root | ERROR | seafood_salad | https://i2.wp.com/www.downshiftology.com/wp-content/uploads/2022/05/Shrimp-Salad-16.jpg | HTTP Error 404: Not Found
root | ERROR | beans | https://www.alphafoodie.com/wp-content/uploads/2022/08/How-to-boil-green-beans-square.jpeg | HTTP Error 403: Forbidden
root | ERROR | beans | https://www.alphafoodie.com/wp-content/uploads/2022/08/How-to-boil-green-beans-square.jpeg | HTTP Error 403: Forbidden
root | ERROR | beans | https://thecozycook.com/wp-content/uploads/2022/04/Baked-Beans-f.jpg | HTTP Error 403: Forbidden
root | ERROR | beans | https://i0.wp.com/images-prod.healthline.com/hlcmsresource/images/four-bowls-of-beans-1296x728.jpg?w=1155&h=1528 | HTTP Error 404: Not Found
root | ERROR | beans | https://i0.wp.com/images-prod.healthline.com/hlcmsresource/images/four-bowls-of-beans-1296x728.jpg?w=1155&h=1528 | HTTP Error 404: Not Found
root | ERROR | basil_potatoes | https://images.food52.com/zEEML9tbVOnid31seV7SlEmD-lM=/1200x1200/deef64a1-5828-4dae-ac10-06b234c761ef--Image.jpg | HTTP Error 403: Forbidden
root | ERROR | basil_potatoes | https://www.tasteofhome.com/wp-content/uploads/2018/01/exps86107_THCA153054C09_11_8b-1.jpg?fit=700,1024 | HTTP Error 403: Forbidden
root | ERROR | basil_potatoes | https://www.giangiskitchen.com/wp-content/uploads/2021/06/potatoes-with-basil4-1-of-1-scaled.jpg | HTTP Error 403: Forbidden
root | ERROR | basil_potatoes | https://karistabennett.com/wp-content/uploads/2016/12/2-Roasted-Baby-Red-Potatoes-with-Lemon-and-Basil_-e1482082423385.jpg | HTTP Error 403: Forbidden
root | ERROR | basil_potatoes | https://rachlmansfield.com/wp-content/uploads/2019/01/27B10D8B-7BBC-4C3F-952F-8E67C74D1550.jpg | HTTP Error 403: Forbidden
root | ERROR | basil_potatoes | https://i0.wp.com/www.rieglpalate.com/wp-content/uploads/2017/06/Lemon-Basil-Potato-Salad.jpg?fit=3333%2C2222&ssl=1 | HTTP Error 404: Not Found
root | ERROR | basil_potatoes | https://www.theharvestkitchen.com/wp-content/uploads/2019/05/basil-mashed-potatoes-5-e1577462671985-480x480.jpg | HTTP Error 403: Forbidden
root | ERROR | basil_potatoes | https://jamjarkitchen.com/wp-content/uploads/2021/01/DSC_0248.jpg | HTTP Error 403: Forbidden
root | ERROR | salad | https://www.acouplecooks.com/wp-content/uploads/2019/05/Chopped-Salad-001_1.jpg | HTTP Error 403: Forbidden
root | ERROR | salad | https://i2.wp.com/www.downshiftology.com/wp-content/uploads/2018/08/Greek-Salad-main.jpg | HTTP Error 404: Not Found
root | ERROR | salad | https://www.tasteofhome.com/wp-content/uploads/2018/01/Classic-Wilted-Lettuce-Salad_EXPS_FT20_4535_F_0623_1-3.jpg?fit=700,1024 | HTTP Error 403: Forbidden
root | ERROR | salad | https://www.acouplecooks.com/wp-content/uploads/2019/05/Chopped-Salad-008.jpg | HTTP Error 403: Forbidden
root | ERROR | salad | https://www.tasteofhome.com/wp-content/uploads/2018/01/Classic-Wilted-Lettuce-Salad_EXPS_FT20_4535_F_0623_1-3.jpg?fit=700,1024 | HTTP Error 403: Forbidden
root | ERROR | salad | https://simple-veganista.com/wp-content/uploads/2012/09/healthy-chopped-vegetable-salad-recipe-4.jpg | HTTP Error 403: Forbidden
root | ERROR | salad | https://simple-veganista.com/wp-content/uploads/2012/09/healthy-chopped-vegetable-salad-recipe-4.jpg | HTTP Error 403: Forbidden
root | ERROR | salad | https://feelgoodfoodie.net/wp-content/uploads/2019/02/Mediterranean-Chopped-Salad-12.jpg | HTTP Error 403: Forbidden
root | ERROR | salad | https://www.spendwithpennies.com/wp-content/uploads/2020/05/Greek-Salad-SpendWithPennies-23.jpg | HTTP Error 403: Forbidden
root | ERROR | salad | https://fantabulosity.com/wp-content/uploads/2021/02/Side-Salad-Recipe-500x500.jpeg | HTTP Error 403: Forbidden
root | ERROR | bread | https://tastesbetterfromscratch.com/wp-content/uploads/2020/03/Bread-Recipe-5-2.jpg | HTTP Error 403: Forbidden
root | ERROR | bread | https://sallysbakingaddiction.com/wp-content/uploads/2019/11/homemade-sandwich-bread.jpg | HTTP Error 403: Forbidden
root | ERROR | bread | https://houseofnasheats.com/wp-content/uploads/2022/02/French-Bread-1.jpg | HTTP Error 403: Forbidden
root | ERROR | bread | https://www.cookingclassy.com/wp-content/uploads/2020/04/bread-recipe-1.jpg | HTTP Error 403: Forbidden
root | ERROR | bread | https://www.jocooks.com/wp-content/uploads/2020/03/white-bread-1.jpg | HTTP Error 403: Forbidden
root | ERROR | bread | https://www.melskitchencafe.com/wp-content/uploads/french-bread2.jpg | HTTP Error 403: Forbidden
root | ERROR | bread | https://whattocooktoday.com/wp-content/uploads/2022/06/super-soft-white-bread-19.jpg | HTTP Error 403: Forbidden
